1!: (            loader.GenerateOntologyFiles: 510) - Finished parsing the clinical ontology... ( 227 )
1!: (            loader.GenerateOntologyFiles: 536) - Continuing parsing the genomic ontology... ( 100000 )
1!: (            loader.GenerateOntologyFiles: 536) - Continuing parsing the genomic ontology... ( 200000 )
1!: (            loader.GenerateOntologyFiles: 536) - Continuing parsing the genomic ontology... ( 300000 )
1!: (            loader.GenerateOntologyFiles: 536) - Continuing parsing the genomic ontology... ( 400000 )
1!: (            loader.GenerateOntologyFiles: 536) - Continuing parsing the genomic ontology... ( 500000 )
1!: (            loader.GenerateOntologyFiles: 536) - Continuing parsing the genomic ontology... ( 600000 )
1!: (            loader.GenerateOntologyFiles: 536) - Continuing parsing the genomic ontology... ( 700000 )
1!: (            loader.GenerateOntologyFiles: 536) - Continuing parsing the genomic ontology... ( 800000 )
1!: (            loader.GenerateOntologyFiles: 536) - Continuing parsing the genomic ontology... ( 900000 )
1!: (            loader.GenerateOntologyFiles: 536) - Continuing parsing the genomic ontology... ( 1000000 )
1!: (            loader.GenerateOntologyFiles: 536) - Continuing parsing the genomic ontology... ( 1100000 )
1!: (            loader.GenerateOntologyFiles: 569) - Finished parsing the genomic ontology... ( 1006405 )
1!: (            loader.EncryptElements.func1: 1077) - Encrypted ( 50325 )elements
1!: (            loader.EncryptElements.func1: 1077) - Encrypted ( 50320 )elements
1!: (            loader.EncryptElements.func1: 1077) - Encrypted ( 50320 )elements
1!: (            loader.EncryptElements.func1: 1077) - Encrypted ( 50320 )elements
1!: (            loader.EncryptElements.func1: 1077) - Encrypted ( 50320 )elements
1!: (            loader.EncryptElements.func1: 1077) - Encrypted ( 50320 )elements
1!: (            loader.EncryptElements.func1: 1077) - Encrypted ( 50320 )elements
1!: (            loader.EncryptElements.func1: 1077) - Encrypted ( 50320 )elements
1!: (            loader.EncryptElements.func1: 1077) - Encrypted ( 50320 )elements
1!: (            loader.EncryptElements.func1: 1077) - Encrypted ( 50320 )elements
1!: (            loader.EncryptElements.func1: 1077) - Encrypted ( 50320 )elements
1!: (            loader.EncryptElements.func1: 1077) - Encrypted ( 50320 )elements
1!: (            loader.EncryptElements.func1: 1077) - Encrypted ( 50320 )elements
1!: (            loader.EncryptElements.func1: 1077) - Encrypted ( 50320 )elements
1!: (            loader.EncryptElements.func1: 1077) - Encrypted ( 50320 )elements
1!: (            loader.EncryptElements.func1: 1077) - Encrypted ( 50320 )elements
1!: (            loader.EncryptElements.func1: 1077) - Encrypted ( 50320 )elements
1!: (            loader.EncryptElements.func1: 1077) - Encrypted ( 50320 )elements
1!: (            loader.EncryptElements.func1: 1077) - Encrypted ( 50320 )elements
1!: (            loader.EncryptElements.func1: 1077) - Encrypted ( 50320 )elements
1!: (                  loader.EncryptElements: 1082) - Finished encrypting the sensitive data... ( 37.999079768s )
1!: (                      loader.TagElements: 1110) - DDT took: exec - 35.269513662s commun - 2m50.065277995s
1!: (                      loader.TagElements: 1112) - Finished tagging the sensitive data... ( 3m25.334791657s )
1!: (            loader.GenerateOntologyFiles: 599) - Parsing all ontology files took ( 2m2.653229526s )
1!: (                loader.GenerateDataFiles: 754) - Finished parsing the clinical dataset...
1!: (                loader.GenerateDataFiles: 829) - Finished parsing the genomic dataset...
1!: (                loader.GenerateDataFiles: 830) - Parsing all dataset files took ( 17.750837291s )
1!: (                loader.GenerateDataFiles: 832) - The End. Only loading left...
1!: (                       loader.LoadClient: 270) - Loading ontology took: 1m4.325273128s
1!: (                       loader.LoadClient: 287) - Loading dataset took: 8.577543241s
1!: (                       loader.LoadClient: 301) - The ETL took: 8m1.665260523s
1!: (            loader.GenerateOntologyFiles: 510) - Finished parsing the clinical ontology... ( 227 )
1!: (            loader.GenerateOntologyFiles: 536) - Continuing parsing the genomic ontology... ( 100000 )
1!: (            loader.GenerateOntologyFiles: 536) - Continuing parsing the genomic ontology... ( 200000 )
1!: (            loader.GenerateOntologyFiles: 536) - Continuing parsing the genomic ontology... ( 300000 )
1!: (            loader.GenerateOntologyFiles: 536) - Continuing parsing the genomic ontology... ( 400000 )
1!: (            loader.GenerateOntologyFiles: 536) - Continuing parsing the genomic ontology... ( 500000 )
1!: (            loader.GenerateOntologyFiles: 536) - Continuing parsing the genomic ontology... ( 600000 )
1!: (            loader.GenerateOntologyFiles: 536) - Continuing parsing the genomic ontology... ( 700000 )
1!: (            loader.GenerateOntologyFiles: 536) - Continuing parsing the genomic ontology... ( 800000 )
1!: (            loader.GenerateOntologyFiles: 536) - Continuing parsing the genomic ontology... ( 900000 )
1!: (            loader.GenerateOntologyFiles: 536) - Continuing parsing the genomic ontology... ( 1000000 )
1!: (            loader.GenerateOntologyFiles: 536) - Continuing parsing the genomic ontology... ( 1100000 )
1!: (            loader.GenerateOntologyFiles: 569) - Finished parsing the genomic ontology... ( 1006405 )
1!: (            loader.EncryptElements.func1: 1077) - Encrypted ( 50320 )elements
1!: (            loader.EncryptElements.func1: 1077) - Encrypted ( 50320 )elements
1!: (            loader.EncryptElements.func1: 1077) - Encrypted ( 50320 )elements
1!: (            loader.EncryptElements.func1: 1077) - Encrypted ( 50320 )elements
1!: (            loader.EncryptElements.func1: 1077) - Encrypted ( 50320 )elements
1!: (            loader.EncryptElements.func1: 1077) - Encrypted ( 50320 )elements
1!: (            loader.EncryptElements.func1: 1077) - Encrypted ( 50320 )elements
1!: (            loader.EncryptElements.func1: 1077) - Encrypted ( 50320 )elements
1!: (            loader.EncryptElements.func1: 1077) - Encrypted ( 50320 )elements
1!: (            loader.EncryptElements.func1: 1077) - Encrypted ( 50320 )elements
1!: (            loader.EncryptElements.func1: 1077) - Encrypted ( 50320 )elements
1!: (            loader.EncryptElements.func1: 1077) - Encrypted ( 50320 )elements
1!: (            loader.EncryptElements.func1: 1077) - Encrypted ( 50325 )elements
1!: (            loader.EncryptElements.func1: 1077) - Encrypted ( 50320 )elements
1!: (            loader.EncryptElements.func1: 1077) - Encrypted ( 50320 )elements
1!: (            loader.EncryptElements.func1: 1077) - Encrypted ( 50320 )elements
1!: (            loader.EncryptElements.func1: 1077) - Encrypted ( 50320 )elements
1!: (            loader.EncryptElements.func1: 1077) - Encrypted ( 50320 )elements
1!: (            loader.EncryptElements.func1: 1077) - Encrypted ( 50320 )elements
1!: (            loader.EncryptElements.func1: 1077) - Encrypted ( 50320 )elements
1!: (                  loader.EncryptElements: 1082) - Finished encrypting the sensitive data... ( 37.815154168s )
1!: (                      loader.TagElements: 1110) - DDT took: exec - 34.508819808s commun - 2m21.815264741s
1!: (                      loader.TagElements: 1112) - Finished tagging the sensitive data... ( 2m56.324084549s )
1!: (            loader.GenerateOntologyFiles: 599) - Parsing all ontology files took ( 2m1.259678333s )
1!: (                loader.GenerateDataFiles: 754) - Finished parsing the clinical dataset...
1!: (                loader.GenerateDataFiles: 829) - Finished parsing the genomic dataset...
1!: (                loader.GenerateDataFiles: 830) - Parsing all dataset files took ( 18.101846023s )
1!: (                loader.GenerateDataFiles: 832) - The End. Only loading left...
1!: (                       loader.LoadClient: 270) - Loading ontology took: 1m3.566109414s
1!: (                       loader.LoadClient: 287) - Loading dataset took: 7.447051528s
1!: (                       loader.LoadClient: 301) - The ETL took: 7m29.92915049s
1!: (            loader.GenerateOntologyFiles: 510) - Finished parsing the clinical ontology... ( 227 )
1!: (            loader.GenerateOntologyFiles: 536) - Continuing parsing the genomic ontology... ( 100000 )
1!: (            loader.GenerateOntologyFiles: 536) - Continuing parsing the genomic ontology... ( 200000 )
1!: (            loader.GenerateOntologyFiles: 536) - Continuing parsing the genomic ontology... ( 300000 )
1!: (            loader.GenerateOntologyFiles: 536) - Continuing parsing the genomic ontology... ( 400000 )
1!: (            loader.GenerateOntologyFiles: 536) - Continuing parsing the genomic ontology... ( 500000 )
1!: (            loader.GenerateOntologyFiles: 536) - Continuing parsing the genomic ontology... ( 600000 )
1!: (            loader.GenerateOntologyFiles: 536) - Continuing parsing the genomic ontology... ( 700000 )
1!: (            loader.GenerateOntologyFiles: 536) - Continuing parsing the genomic ontology... ( 800000 )
1!: (            loader.GenerateOntologyFiles: 536) - Continuing parsing the genomic ontology... ( 900000 )
1!: (            loader.GenerateOntologyFiles: 536) - Continuing parsing the genomic ontology... ( 1000000 )
1!: (            loader.GenerateOntologyFiles: 536) - Continuing parsing the genomic ontology... ( 1100000 )
1!: (            loader.GenerateOntologyFiles: 569) - Finished parsing the genomic ontology... ( 1006405 )
1!: (            loader.EncryptElements.func1: 1077) - Encrypted ( 50320 )elements
1!: (            loader.EncryptElements.func1: 1077) - Encrypted ( 50320 )elements
1!: (            loader.EncryptElements.func1: 1077) - Encrypted ( 50320 )elements
1!: (            loader.EncryptElements.func1: 1077) - Encrypted ( 50320 )elements
1!: (            loader.EncryptElements.func1: 1077) - Encrypted ( 50320 )elements
1!: (            loader.EncryptElements.func1: 1077) - Encrypted ( 50320 )elements
1!: (            loader.EncryptElements.func1: 1077) - Encrypted ( 50320 )elements
1!: (            loader.EncryptElements.func1: 1077) - Encrypted ( 50320 )elements
1!: (            loader.EncryptElements.func1: 1077) - Encrypted ( 50320 )elements
1!: (            loader.EncryptElements.func1: 1077) - Encrypted ( 50320 )elements
1!: (            loader.EncryptElements.func1: 1077) - Encrypted ( 50320 )elements
1!: (            loader.EncryptElements.func1: 1077) - Encrypted ( 50320 )elements
1!: (            loader.EncryptElements.func1: 1077) - Encrypted ( 50320 )elements
1!: (            loader.EncryptElements.func1: 1077) - Encrypted ( 50320 )elements
1!: (            loader.EncryptElements.func1: 1077) - Encrypted ( 50325 )elements
1!: (            loader.EncryptElements.func1: 1077) - Encrypted ( 50320 )elements
1!: (            loader.EncryptElements.func1: 1077) - Encrypted ( 50320 )elements
1!: (            loader.EncryptElements.func1: 1077) - Encrypted ( 50320 )elements
1!: (            loader.EncryptElements.func1: 1077) - Encrypted ( 50320 )elements
1!: (            loader.EncryptElements.func1: 1077) - Encrypted ( 50320 )elements
1!: (                  loader.EncryptElements: 1082) - Finished encrypting the sensitive data... ( 37.823216522s )
1!: (                      loader.TagElements: 1110) - DDT took: exec - 32.622000816s commun - 3m1.854947923s
1!: (                      loader.TagElements: 1112) - Finished tagging the sensitive data... ( 3m34.476948739s )
1!: (            loader.GenerateOntologyFiles: 599) - Parsing all ontology files took ( 2m1.193234217s )
1!: (                loader.GenerateDataFiles: 754) - Finished parsing the clinical dataset...
1!: (                loader.GenerateDataFiles: 829) - Finished parsing the genomic dataset...
1!: (                loader.GenerateDataFiles: 830) - Parsing all dataset files took ( 20.42811397s )
1!: (                loader.GenerateDataFiles: 832) - The End. Only loading left...
1!: (                       loader.LoadClient: 270) - Loading ontology took: 1m0.744478386s
1!: (                       loader.LoadClient: 287) - Loading dataset took: 8.814875789s
1!: (                       loader.LoadClient: 301) - The ETL took: 8m7.566888572s