1!: (            loader.GenerateOntologyFiles: 510) - Finished parsing the clinical ontology... ( 227 )
1!: (            loader.GenerateOntologyFiles: 536) - Continuing parsing the genomic ontology... ( 100000 )
1!: (            loader.GenerateOntologyFiles: 536) - Continuing parsing the genomic ontology... ( 200000 )
1!: (            loader.GenerateOntologyFiles: 536) - Continuing parsing the genomic ontology... ( 300000 )
1!: (            loader.GenerateOntologyFiles: 536) - Continuing parsing the genomic ontology... ( 400000 )
1!: (            loader.GenerateOntologyFiles: 536) - Continuing parsing the genomic ontology... ( 500000 )
1!: (            loader.GenerateOntologyFiles: 536) - Continuing parsing the genomic ontology... ( 600000 )
1!: (            loader.GenerateOntologyFiles: 536) - Continuing parsing the genomic ontology... ( 700000 )
1!: (            loader.GenerateOntologyFiles: 536) - Continuing parsing the genomic ontology... ( 800000 )
1!: (            loader.GenerateOntologyFiles: 536) - Continuing parsing the genomic ontology... ( 900000 )
1!: (            loader.GenerateOntologyFiles: 536) - Continuing parsing the genomic ontology... ( 1000000 )
1!: (            loader.GenerateOntologyFiles: 536) - Continuing parsing the genomic ontology... ( 1100000 )
1!: (            loader.GenerateOntologyFiles: 569) - Finished parsing the genomic ontology... ( 1006405 )
1!: (            loader.EncryptElements.func1: 1077) - Encrypted ( 50320 )elements
1!: (            loader.EncryptElements.func1: 1077) - Encrypted ( 50320 )elements
1!: (            loader.EncryptElements.func1: 1077) - Encrypted ( 50320 )elements
1!: (            loader.EncryptElements.func1: 1077) - Encrypted ( 50320 )elements
1!: (            loader.EncryptElements.func1: 1077) - Encrypted ( 50320 )elements
1!: (            loader.EncryptElements.func1: 1077) - Encrypted ( 50320 )elements
1!: (            loader.EncryptElements.func1: 1077) - Encrypted ( 50320 )elements
1!: (            loader.EncryptElements.func1: 1077) - Encrypted ( 50320 )elements
1!: (            loader.EncryptElements.func1: 1077) - Encrypted ( 50320 )elements
1!: (            loader.EncryptElements.func1: 1077) - Encrypted ( 50320 )elements
1!: (            loader.EncryptElements.func1: 1077) - Encrypted ( 50320 )elements
1!: (            loader.EncryptElements.func1: 1077) - Encrypted ( 50320 )elements
1!: (            loader.EncryptElements.func1: 1077) - Encrypted ( 50320 )elements
1!: (            loader.EncryptElements.func1: 1077) - Encrypted ( 50320 )elements
1!: (            loader.EncryptElements.func1: 1077) - Encrypted ( 50325 )elements
1!: (            loader.EncryptElements.func1: 1077) - Encrypted ( 50320 )elements
1!: (            loader.EncryptElements.func1: 1077) - Encrypted ( 50320 )elements
1!: (            loader.EncryptElements.func1: 1077) - Encrypted ( 50320 )elements
1!: (            loader.EncryptElements.func1: 1077) - Encrypted ( 50320 )elements
1!: (            loader.EncryptElements.func1: 1077) - Encrypted ( 50320 )elements
1!: (                  loader.EncryptElements: 1082) - Finished encrypting the sensitive data... ( 37.919806982s )
1!: (                      loader.TagElements: 1110) - DDT took: exec - 33.510666172s commun - 2m41.190771491s
1!: (                      loader.TagElements: 1112) - Finished tagging the sensitive data... ( 3m14.701437663s )
1!: (            loader.GenerateOntologyFiles: 599) - Parsing all ontology files took ( 2m3.420970857s )
1!: (                loader.GenerateDataFiles: 754) - Finished parsing the clinical dataset...
1!: (                loader.GenerateDataFiles: 829) - Finished parsing the genomic dataset...
1!: (                loader.GenerateDataFiles: 830) - Parsing all dataset files took ( 1m26.936734693s )
1!: (                loader.GenerateDataFiles: 832) - The End. Only loading left...
1!: (                       loader.LoadClient: 270) - Loading ontology took: 59.271608402s
1!: (                       loader.LoadClient: 287) - Loading dataset took: 42.929816248s
1!: (                       loader.LoadClient: 301) - The ETL took: 9m30.258096821s
1!: (            loader.GenerateOntologyFiles: 510) - Finished parsing the clinical ontology... ( 227 )
1!: (            loader.GenerateOntologyFiles: 536) - Continuing parsing the genomic ontology... ( 100000 )
1!: (            loader.GenerateOntologyFiles: 536) - Continuing parsing the genomic ontology... ( 200000 )
1!: (            loader.GenerateOntologyFiles: 536) - Continuing parsing the genomic ontology... ( 300000 )
1!: (            loader.GenerateOntologyFiles: 536) - Continuing parsing the genomic ontology... ( 400000 )
1!: (            loader.GenerateOntologyFiles: 536) - Continuing parsing the genomic ontology... ( 500000 )
1!: (            loader.GenerateOntologyFiles: 536) - Continuing parsing the genomic ontology... ( 600000 )
1!: (            loader.GenerateOntologyFiles: 536) - Continuing parsing the genomic ontology... ( 700000 )
1!: (            loader.GenerateOntologyFiles: 536) - Continuing parsing the genomic ontology... ( 800000 )
1!: (            loader.GenerateOntologyFiles: 536) - Continuing parsing the genomic ontology... ( 900000 )
1!: (            loader.GenerateOntologyFiles: 536) - Continuing parsing the genomic ontology... ( 1000000 )
1!: (            loader.GenerateOntologyFiles: 536) - Continuing parsing the genomic ontology... ( 1100000 )
1!: (            loader.GenerateOntologyFiles: 569) - Finished parsing the genomic ontology... ( 1006405 )
1!: (            loader.EncryptElements.func1: 1077) - Encrypted ( 50320 )elements
1!: (            loader.EncryptElements.func1: 1077) - Encrypted ( 50320 )elements
1!: (            loader.EncryptElements.func1: 1077) - Encrypted ( 50320 )elements
1!: (            loader.EncryptElements.func1: 1077) - Encrypted ( 50320 )elements
1!: (            loader.EncryptElements.func1: 1077) - Encrypted ( 50320 )elements
1!: (            loader.EncryptElements.func1: 1077) - Encrypted ( 50320 )elements
1!: (            loader.EncryptElements.func1: 1077) - Encrypted ( 50325 )elements
1!: (            loader.EncryptElements.func1: 1077) - Encrypted ( 50320 )elements
1!: (            loader.EncryptElements.func1: 1077) - Encrypted ( 50320 )elements
1!: (            loader.EncryptElements.func1: 1077) - Encrypted ( 50320 )elements
1!: (            loader.EncryptElements.func1: 1077) - Encrypted ( 50320 )elements
1!: (            loader.EncryptElements.func1: 1077) - Encrypted ( 50320 )elements
1!: (            loader.EncryptElements.func1: 1077) - Encrypted ( 50320 )elements
1!: (            loader.EncryptElements.func1: 1077) - Encrypted ( 50320 )elements
1!: (            loader.EncryptElements.func1: 1077) - Encrypted ( 50320 )elements
1!: (            loader.EncryptElements.func1: 1077) - Encrypted ( 50320 )elements
1!: (            loader.EncryptElements.func1: 1077) - Encrypted ( 50320 )elements
1!: (            loader.EncryptElements.func1: 1077) - Encrypted ( 50320 )elements
1!: (            loader.EncryptElements.func1: 1077) - Encrypted ( 50320 )elements
1!: (            loader.EncryptElements.func1: 1077) - Encrypted ( 50320 )elements
1!: (                  loader.EncryptElements: 1082) - Finished encrypting the sensitive data... ( 38.577595301s )
1!: (                      loader.TagElements: 1110) - DDT took: exec - 32.685663179s commun - 2m11.697881407s
1!: (                      loader.TagElements: 1112) - Finished tagging the sensitive data... ( 2m44.383544586s )
1!: (            loader.GenerateOntologyFiles: 599) - Parsing all ontology files took ( 2m0.993209651s )
1!: (                loader.GenerateDataFiles: 754) - Finished parsing the clinical dataset...
1!: (                loader.GenerateDataFiles: 829) - Finished parsing the genomic dataset...
1!: (                loader.GenerateDataFiles: 830) - Parsing all dataset files took ( 1m24.727404557s )
1!: (                loader.GenerateDataFiles: 832) - The End. Only loading left...
1!: (                       loader.LoadClient: 270) - Loading ontology took: 1m1.719526962s
1!: (                       loader.LoadClient: 287) - Loading dataset took: 40.709589358s
1!: (                       loader.LoadClient: 301) - The ETL took: 8m56.388014867s
1!: (            loader.GenerateOntologyFiles: 510) - Finished parsing the clinical ontology... ( 227 )
1!: (            loader.GenerateOntologyFiles: 536) - Continuing parsing the genomic ontology... ( 100000 )
1!: (            loader.GenerateOntologyFiles: 536) - Continuing parsing the genomic ontology... ( 200000 )
1!: (            loader.GenerateOntologyFiles: 536) - Continuing parsing the genomic ontology... ( 300000 )
1!: (            loader.GenerateOntologyFiles: 536) - Continuing parsing the genomic ontology... ( 400000 )
1!: (            loader.GenerateOntologyFiles: 536) - Continuing parsing the genomic ontology... ( 500000 )
1!: (            loader.GenerateOntologyFiles: 536) - Continuing parsing the genomic ontology... ( 600000 )
1!: (            loader.GenerateOntologyFiles: 536) - Continuing parsing the genomic ontology... ( 700000 )
1!: (            loader.GenerateOntologyFiles: 536) - Continuing parsing the genomic ontology... ( 800000 )
1!: (            loader.GenerateOntologyFiles: 536) - Continuing parsing the genomic ontology... ( 900000 )
1!: (            loader.GenerateOntologyFiles: 536) - Continuing parsing the genomic ontology... ( 1000000 )
1!: (            loader.GenerateOntologyFiles: 536) - Continuing parsing the genomic ontology... ( 1100000 )
1!: (            loader.GenerateOntologyFiles: 569) - Finished parsing the genomic ontology... ( 1006405 )
1!: (            loader.EncryptElements.func1: 1077) - Encrypted ( 50320 )elements
1!: (            loader.EncryptElements.func1: 1077) - Encrypted ( 50320 )elements
1!: (            loader.EncryptElements.func1: 1077) - Encrypted ( 50320 )elements
1!: (            loader.EncryptElements.func1: 1077) - Encrypted ( 50320 )elements
1!: (            loader.EncryptElements.func1: 1077) - Encrypted ( 50320 )elements
1!: (            loader.EncryptElements.func1: 1077) - Encrypted ( 50320 )elements
1!: (            loader.EncryptElements.func1: 1077) - Encrypted ( 50325 )elements
1!: (            loader.EncryptElements.func1: 1077) - Encrypted ( 50320 )elements
1!: (            loader.EncryptElements.func1: 1077) - Encrypted ( 50320 )elements
1!: (            loader.EncryptElements.func1: 1077) - Encrypted ( 50320 )elements
1!: (            loader.EncryptElements.func1: 1077) - Encrypted ( 50320 )elements
1!: (            loader.EncryptElements.func1: 1077) - Encrypted ( 50320 )elements
1!: (            loader.EncryptElements.func1: 1077) - Encrypted ( 50320 )elements
1!: (            loader.EncryptElements.func1: 1077) - Encrypted ( 50320 )elements
1!: (            loader.EncryptElements.func1: 1077) - Encrypted ( 50320 )elements
1!: (            loader.EncryptElements.func1: 1077) - Encrypted ( 50320 )elements
1!: (            loader.EncryptElements.func1: 1077) - Encrypted ( 50320 )elements
1!: (            loader.EncryptElements.func1: 1077) - Encrypted ( 50320 )elements
1!: (            loader.EncryptElements.func1: 1077) - Encrypted ( 50320 )elements
1!: (            loader.EncryptElements.func1: 1077) - Encrypted ( 50320 )elements
1!: (                  loader.EncryptElements: 1082) - Finished encrypting the sensitive data... ( 37.930700493s )
1!: (                      loader.TagElements: 1110) - DDT took: exec - 32.865657083s commun - 2m9.514911488s
1!: (                      loader.TagElements: 1112) - Finished tagging the sensitive data... ( 2m42.380568571s )
1!: (            loader.GenerateOntologyFiles: 599) - Parsing all ontology files took ( 2m1.270367475s )
1!: (                loader.GenerateDataFiles: 754) - Finished parsing the clinical dataset...
1!: (                loader.GenerateDataFiles: 829) - Finished parsing the genomic dataset...
1!: (                loader.GenerateDataFiles: 830) - Parsing all dataset files took ( 1m30.724202337s )
1!: (                loader.GenerateDataFiles: 832) - The End. Only loading left...
1!: (                       loader.LoadClient: 270) - Loading ontology took: 59.428581062s
1!: (                       loader.LoadClient: 287) - Loading dataset took: 42.704801045s
1!: (                       loader.LoadClient: 301) - The ETL took: 8m58.936394077s